生成启动时间为 2017/3/1 星期三 15:58:01。
     1>项目“E:\MeterControl\MeterControl.vcxproj”在节点 2 上(build 个目标)。
     1>InitializeBuildStatus:
         正在创建“Debug\MeterControl.unsuccessfulbuild”，因为已指定“AlwaysCreate”。
       ClCompile:
         所有输出均为最新。
         所有输出均为最新。
       ResourceCompile:
         C:\Program Files (x86)\Microsoft SDKs\Windows\v7.0A\bin\rc.exe /D _DEBUG /D _UNICODE /D UNICODE /D _AFXDLL /l"0x0804" /IDebug\ /nologo /fo"Debug\MeterControl.res" MeterControl.rc 
       ManifestResourceCompile:
         所有输出均为最新。
       Link:
         C:\Program Files (x86)\Microsoft Visual Studio 10.0\VC\bin\link.exe /ERRORREPORT:PROMPT /OUT:"E:\MeterControl\Debug\MeterControl.exe" /INCREMENTAL /NOLOGO opencv_calib3d244d.lib opencv_contrib244d.lib opencv_core244d.lib opencv_features2d244d.lib opencv_flann244d.lib opencv_gpu244d.lib opencv_highgui244d.lib opencv_imgproc244d.lib opencv_legacy244d.lib opencv_ml244d.lib opencv_objdetect244d.lib opencv_ts244d.lib opencv_video244d.lib /MANIFEST /ManifestFile:"Debug\MeterControl.exe.intermediate.manifest" /MANIFESTUAC:"level='asInvoker' uiAccess='false'" /DEBUG /PDB:"E:\MeterControl\Debug\MeterControl.pdb" /SUBSYSTEM:WINDOWS /TLBID:1 /ENTRY:"wWinMainCRTStartup" /DYNAMICBASE /NXCOMPAT /IMPLIB:"E:\MeterControl\Debug\MeterControl.lib" /MACHINE:X86 Debug\MeterControl.res
         Debug\MeterControl.exe.embed.manifest.res
         Debug\Communication.obj
         Debug\ControlMeters.obj
         Debug\CvvImage.obj
         Debug\functions.obj
         Debug\global.obj
         Debug\MeterControl.obj
         Debug\MeterControlDlg.obj
         Debug\stdafx.obj
       Manifest:
         C:\Program Files (x86)\Microsoft SDKs\Windows\v7.0A\bin\mt.exe /nologo /verbose /out:"Debug\MeterControl.exe.embed.manifest" /manifest Debug\MeterControl.exe.intermediate.manifest "C:\Program Files (x86)\Microsoft Visual Studio 10.0\VC\Include\Manifest\dpiaware.manifest"
         所有输出均为最新。
       LinkEmbedManifest:
         所有输出均为最新。
         MeterControl.vcxproj -> E:\MeterControl\Debug\MeterControl.exe
       FinalizeBuildStatus:
         正在删除文件“Debug\MeterControl.unsuccessfulbuild”。
         正在对“Debug\MeterControl.lastbuildstate”执行 Touch 任务。
     1>已完成生成项目“E:\MeterControl\MeterControl.vcxproj”(build 个目标)的操作。

生成成功。

已用时间 00:00:00.30
