E:\MeterControl\Debug\cl.command.1.tlog
E:\MeterControl\Debug\CL.read.1.tlog
E:\MeterControl\Debug\CL.write.1.tlog
E:\METERCONTROL\DEBUG\COMMUNICATION.OBJ
E:\METERCONTROL\DEBUG\CONTROLMETERS.OBJ
E:\METERCONTROL\DEBUG\CVVIMAGE.OBJ
E:\METERCONTROL\DEBUG\FUNCTIONS.OBJ
E:\METERCONTROL\DEBUG\GLOBAL.OBJ
E:\MeterControl\Debug\link.3120.read.1.tlog
E:\MeterControl\Debug\link.3120.write.1.tlog
E:\MeterControl\Debug\link.3120-cvtres.read.1.tlog
E:\MeterControl\Debug\link.3120-cvtres.write.1.tlog
E:\MeterControl\Debug\link.5660.read.1.tlog
E:\MeterControl\Debug\link.5660.write.1.tlog
E:\MeterControl\Debug\link.5660-cvtres.read.1.tlog
E:\MeterControl\Debug\link.5660-cvtres.write.1.tlog
E:\MeterControl\Debug\link.5760.read.1.tlog
E:\MeterControl\Debug\link.5760.write.1.tlog
E:\MeterControl\Debug\link.5760-cvtres.read.1.tlog
E:\MeterControl\Debug\link.5760-cvtres.write.1.tlog
E:\MeterControl\Debug\link.6088.read.1.tlog
E:\MeterControl\Debug\link.6088.write.1.tlog
E:\MeterControl\Debug\link.6088-cvtres.read.1.tlog
E:\MeterControl\Debug\link.6088-cvtres.write.1.tlog
E:\MeterControl\Debug\link.command.1.tlog
E:\MeterControl\Debug\link.read.1.tlog
E:\MeterControl\Debug\link.write.1.tlog
E:\MeterControl\Debug\link-cvtres.read.1.tlog
E:\MeterControl\Debug\link-cvtres.write.1.tlog
E:\METERCONTROL\DEBUG\METERCONTROL.EXE
E:\METERCONTROL\DEBUG\METERCONTROL.EXE.EMBED.MANIFEST
E:\METERCONTROL\DEBUG\METERCONTROL.EXE.EMBED.MANIFEST.RES
E:\METERCONTROL\DEBUG\METERCONTROL.EXE.INTERMEDIATE.MANIFEST
E:\METERCONTROL\DEBUG\METERCONTROL.ILK
E:\METERCONTROL\DEBUG\METERCONTROL.OBJ
E:\METERCONTROL\DEBUG\METERCONTROL.PCH
E:\METERCONTROL\DEBUG\METERCONTROL.PDB
E:\METERCONTROL\DEBUG\METERCONTROL.RES
E:\MeterControl\Debug\MeterControl.vcxprojResolveAssemblyReference.cache
E:\MeterControl\Debug\MeterControl.write.1.tlog
E:\MeterControl\Debug\MeterControl_manifest.rc
E:\METERCONTROL\DEBUG\METERCONTROLDLG.OBJ
E:\MeterControl\Debug\mt.command.1.tlog
E:\MeterControl\Debug\mt.read.1.tlog
E:\MeterControl\Debug\mt.write.1.tlog
E:\MeterControl\Debug\rc.command.1.tlog
E:\MeterControl\Debug\rc.read.1.tlog
E:\MeterControl\Debug\rc.write.1.tlog
E:\METERCONTROL\DEBUG\STDAFX.OBJ
E:\MeterControl\Debug\vc100.idb
E:\METERCONTROL\DEBUG\VC100.PDB
