生成启动时间为 2017/6/10 9:02:37。
     1>项目“F:\MeterControl\MeterControl.vcxproj”在节点 2 上(Build 个目标)。
     1>ClCompile:
         D:\VC2013\VC\bin\x86_amd64\CL.exe /c /Zi /nologo /W3 /WX- /Od /D WIN32 /D _WINDOWS /D _DEBUG /D _UNICODE /D UNICODE /D _AFXDLL /Gm /EHsc /RTC1 /MDd /GS /fp:precise /Zc:wchar_t /Zc:forScope /Yu"stdafx.h" /Fp"x64\Debug\MeterControl.pch" /Fo"x64\Debug\\" /Fd"x64\Debug\vc120.pdb" /Gd /TP /errorReport:prompt MeterControlDlg.cpp
         MeterControlDlg.cpp
     1>F:\openCV\build\include\opencv2/core/mat.hpp(1965): warning C4819: 该文件包含不能在当前代码页(936)中表示的字符。请将该文件保存为 Unicode 格式以防止数据丢失
     1>F:\openCV\build\include\opencv2/core/persistence.hpp : warning C4819: 该文件包含不能在当前代码页(936)中表示的字符。请将该文件保存为 Unicode 格式以防止数据丢失
     1>F:\openCV\build\include\opencv2/core/utility.hpp : warning C4819: 该文件包含不能在当前代码页(936)中表示的字符。请将该文件保存为 Unicode 格式以防止数据丢失
       Link:
         D:\VC2013\VC\bin\x86_amd64\link.exe /ERRORREPORT:PROMPT /OUT:"F:\MeterControl\x64\Debug\MeterControl.exe" /INCREMENTAL /NOLOGO opencv_world310d.lib opencv_world310d.lib /MANIFEST /MANIFESTUAC:"level='asInvoker' uiAccess='false'" /manifest:embed /manifestinput:D:\VC2013\VC\Include\Manifest\dpiaware.manifest /DEBUG /PDB:"F:\MeterControl\x64\Debug\MeterControl.pdb" /SUBSYSTEM:WINDOWS /TLBID:1 /ENTRY:"wWinMainCRTStartup" /DYNAMICBASE /NXCOMPAT /IMPLIB:"F:\MeterControl\x64\Debug\MeterControl.lib" /MACHINE:X64 x64\Debug\MeterControl.res
         x64\Debug\Communication.obj
         x64\Debug\ControlMeters.obj
         x64\Debug\CvvImage.obj
         x64\Debug\functions.obj
         x64\Debug\global.obj
         x64\Debug\MeterControl.obj
         x64\Debug\MeterControlDlg.obj
         x64\Debug\stdafx.obj
         MeterControl.vcxproj -> F:\MeterControl\x64\Debug\MeterControl.exe
     1>已完成生成项目“F:\MeterControl\MeterControl.vcxproj”(Build 个目标)的操作。

生成成功。

已用时间 00:00:02.24
